<?xml version="1.0" encoding="UTF-8"?>
<!-- Generated by org.testng.reporters.JUnitReportReporter -->
<testsuite hostname="DESKTOP-R3IULL6" failures="0" tests="2" name="testDrills.Automation.testing.AppTest" time="47.801" errors="0" timestamp="2020-12-13T16:21:40 CAT" skipped="0">
  <testcase classname="testDrills.Automation.testing.AppTest" name="test" time="33.325"/>
  <system-out/>
  <testcase classname="testDrills.Automation.testing.AppTest" name="test" time="14.476"/>
  <system-out/>
</testsuite> <!-- testDrills.Automation.testing.AppTest -->
