<?xml version="1.0" encoding="UTF-8"?>
<!-- Generated by org.testng.reporters.JUnitReportReporter -->
<testsuite hostname="DESKTOP-R3IULL6" failures="0" tests="1" name="testDrills.Automation.testing.AppTest" time="0.007" errors="0" timestamp="2020-12-05T23:15:41 CAT" skipped="0">
  <testcase classname="testDrills.Automation.testing.AppTest" name="test2" time="0.007"/>
  <system-out/>
</testsuite> <!-- testDrills.Automation.testing.AppTest -->
