<?xml version="1.0" encoding="UTF-8"?>
<!-- Generated by org.testng.reporters.JUnitReportReporter -->
<testsuite hostname="DESKTOP-R3IULL6" failures="0" tests="2" name="testDrills.Automation.testing.AppTest" time="0.017" errors="0" timestamp="2020-12-12T21:41:18 CAT" skipped="0">
  <testcase classname="testDrills.Automation.testing.AppTest" name="test" time="0.015"/>
  <system-out/>
  <testcase classname="testDrills.Automation.testing.AppTest" name="test" time="0.002"/>
  <system-out/>
</testsuite> <!-- testDrills.Automation.testing.AppTest -->
