<?xml version="1.0" encoding="UTF-8"?>
<!-- Generated by org.testng.reporters.JUnitReportReporter -->
<testsuite hostname="DESKTOP-R3IULL6" failures="0" tests="3" name="testDrills.Automation.testing.AppTest" time="32.944" errors="0" timestamp="2020-12-13T16:30:11 CAT" skipped="0">
  <testcase classname="testDrills.Automation.testing.AppTest" name="test" time="15.466"/>
  <system-out/>
  <testcase classname="testDrills.Automation.testing.AppTest" name="test" time="17.476"/>
  <system-out/>
  <testcase classname="testDrills.Automation.testing.AppTest" name="test2" time="0.002"/>
  <system-out/>
</testsuite> <!-- testDrills.Automation.testing.AppTest -->
